<?xml version="1.0" encoding="UTF-8"?>
<!-- Generated by org.testng.reporters.JUnitXMLReporter -->
<testsuite ignored="5" hostname="DESKTOP-9P8UNRB" failures="0" tests="3" name="mytest" time="0.041" errors="0" timestamp="2024-10-05T19:11:57 IST">
  <testcase classname="TestNGGrouping.RegressionSuite" name="singUpByFaceBook" time="0.009"/>
  <testcase classname="TestNGGrouping.RegressionSuite" name="singUpByMobNo" time="0.001"/>
  <testcase classname="TestNGGrouping.RegressionSuite" name="singUpByTwitter" time="0.001"/>
  <testcase classname="TestNGGrouping.FunctionalTestSuite" name="paymentThroughRupee" time="0.0">
    <ignored/>
  </testcase> <!-- paymentThroughRupee -->
  <testcase classname="TestNGGrouping.SanitySuite" name="loginByTwitter" time="0.0">
    <ignored/>
  </testcase> <!-- loginByTwitter -->
  <testcase classname="TestNGGrouping.SanitySuite" name="loginByMobNo" time="0.0">
    <ignored/>
  </testcase> <!-- loginByMobNo -->
  <testcase classname="TestNGGrouping.SanitySuite" name="loginByFaceBook" time="0.0">
    <ignored/>
  </testcase> <!-- loginByFaceBook -->
  <testcase classname="TestNGGrouping.FunctionalTestSuite" name="paymentThroughDollar" time="0.0">
    <ignored/>
  </testcase> <!-- paymentThroughDollar -->
</testsuite> <!-- mytest -->
