<?xml version="1.0" encoding="UTF-8"?>
<!-- Generated by org.testng.reporters.JUnitXMLReporter -->
<testsuite ignored="0" hostname="DESKTOP-9P8UNRB" failures="1" tests="3" name="Test" time="17.799" errors="0" timestamp="2024-10-09T21:16:38 IST">
  <testcase classname="TestNGListeners.NormalReport" name="logoValidation" time="0.201"/>
  <testcase classname="TestNGListeners.NormalReport" name="urlValidation" time="0.012">
    <failure type="java.lang.AssertionError" message="expected [false] but found [true]">
      <![CDATA[java.lang.AssertionError: expected [false] but found [true]
at TestNGListeners.NormalReport.urlValidation(NormalReport.java:67)
at java.base/java.util.ArrayList.forEach(ArrayList.java:1597)
... Removed 31 stack frames]]>
    </failure>
  </testcase> <!-- urlValidation -->
  <testcase classname="TestNGListeners.NormalReport" name="titleValidation" time="0.0">
    <skipped/>
  </testcase> <!-- titleValidation -->
</testsuite> <!-- Test -->
