<?xml version="1.0" encoding="UTF-8"?>
<!-- Generated by org.testng.reporters.JUnitXMLReporter -->
<testsuite ignored="0" hostname="DESKTOP-9P8UNRB" failures="0" tests="3" name="TestEdge" time="37.414" errors="0" timestamp="2024-10-13T10:04:39 IST">
  <testcase classname="TestNGMultipleBrowser.ValidationInMultipleBrowser" name="@BeforeClass setUp" time="32.318">
    <failure type="org.openqa.selenium.WebDriverException" message="Reached error page: about:neterror?e=netTimeout&amp;amp;u=https%3A//tutorialsninja.com/demo/index.php%3Froute%3Daccount/login&amp;amp;c=UTF-8&amp;amp;d=The%20server%20at%20tutorialsninja.com%20is%20taking%20too%20long%20to%20respond.
Build info: version: &amp;apos;4.23.1&amp;apos;, revision: &amp;apos;656257d8e9&amp;apos;
System info: os.name: &amp;apos;Windows 11&amp;apos;, os.arch: &amp;apos;amd64&amp;apos;, os.version: &amp;apos;10.0&amp;apos;, java.version: &amp;apos;22.0.2&amp;apos;
Driver info: org.openqa.selenium.firefox.FirefoxDriver
Command: [13d27385-5d6b-4143-bfcf-9fdcc9044814, get {url=https://tutorialsninja.com/demo/index.php?route=account/login}]
Capabilities {acceptInsecureCerts: true, browserName: firefox, browserVersion: 131.0.2, moz:accessibilityChecks: false, moz:buildID: 20241008210941, moz:debuggerAddress: 127.0.0.1:45844, moz:geckodriverVersion: 0.35.0, moz:headless: false, moz:platformVersion: 10.0, moz:processID: 3344, moz:profile: C:\Users\PNB\AppData\Local\..., moz:shutdownTimeout: 60000, moz:webdriverClick: true, moz:windowless: false, pageLoadStrategy: normal, platformName: windows, proxy: Proxy(), se:cdp: ws://127.0.0.1:45844/devtoo..., se:cdpVersion: 85.0, setWindowRect: true, strictFileInteractability: false, timeouts: {implicit: 0, pageLoad: 300000, script: 30000}, unhandledPromptBehavior: dismiss and notify, userAgent: Mozilla/5.0 (Windows NT 10....}
Session ID: 13d27385-5d6b-4143-bfcf-9fdcc9044814">
      <![CDATA[org.openqa.selenium.WebDriverException: Reached error page: about:neterror?e=netTimeout&u=https%3A//tutorialsninja.com/demo/index.php%3Froute%3Daccount/login&c=UTF-8&d=The%20server%20at%20tutorialsninja.com%20is%20taking%20too%20long%20to%20respond.
Build info: version: '4.23.1', revision: '656257d8e9'
System info: os.name: 'Windows 11', os.arch: 'amd64', os.version: '10.0', java.version: '22.0.2'
Driver info: org.openqa.selenium.firefox.FirefoxDriver
Command: [13d27385-5d6b-4143-bfcf-9fdcc9044814, get {url=https://tutorialsninja.com/demo/index.php?route=account/login}]
Capabilities {acceptInsecureCerts: true, browserName: firefox, browserVersion: 131.0.2, moz:accessibilityChecks: false, moz:buildID: 20241008210941, moz:debuggerAddress: 127.0.0.1:45844, moz:geckodriverVersion: 0.35.0, moz:headless: false, moz:platformVersion: 10.0, moz:processID: 3344, moz:profile: C:\Users\PNB\AppData\Local\..., moz:shutdownTimeout: 60000, moz:webdriverClick: true, moz:windowless: false, pageLoadStrategy: normal, platformName: windows, proxy: Proxy(), se:cdp: ws://127.0.0.1:45844/devtoo..., se:cdpVersion: 85.0, setWindowRect: true, strictFileInteractability: false, timeouts: {implicit: 0, pageLoad: 300000, script: 30000}, unhandledPromptBehavior: dismiss and notify, userAgent: Mozilla/5.0 (Windows NT 10....}
Session ID: 13d27385-5d6b-4143-bfcf-9fdcc9044814
at org.openqa.selenium.remote.ErrorCodec.decode(ErrorCodec.java:167)
at org.openqa.selenium.remote.codec.w3c.W3CHttpResponseCodec.decode(W3CHttpResponseCodec.java:138)
at org.openqa.selenium.remote.codec.w3c.W3CHttpResponseCodec.decode(W3CHttpResponseCodec.java:50)
at org.openqa.selenium.remote.HttpCommandExecutor.execute(HttpCommandExecutor.java:190)
at org.openqa.selenium.remote.service.DriverCommandExecutor.invokeExecute(DriverCommandExecutor.java:216)
at org.openqa.selenium.remote.service.DriverCommandExecutor.execute(DriverCommandExecutor.java:174)
at org.openqa.selenium.remote.RemoteWebDriver.execute(RemoteWebDriver.java:545)
at org.openqa.selenium.remote.RemoteWebDriver.get(RemoteWebDriver.java:313)
at TestNGMultipleBrowser.ValidationInMultipleBrowser.setUp(ValidationInMultipleBrowser.java:35)
at java.base/java.util.ArrayList.forEach(ArrayList.java:1597)
at java.base/java.util.concurrent.FutureTask.run(FutureTask.java:317)
at java.base/java.util.concurrent.ThreadPoolExecutor.runWorker(ThreadPoolExecutor.java:1144)
at java.base/java.util.concurrent.ThreadPoolExecutor$Worker.run(ThreadPoolExecutor.java:642)
at java.base/java.lang.Thread.run(Thread.java:1570)
... Removed 17 stack frames]]>
    </failure>
  </testcase> <!-- @BeforeClass setUp -->
  <testcase classname="TestNGMultipleBrowser.ValidationInMultipleBrowser" name="@AfterClass tearDown" time="-1.728794074366E9">
    <skipped/>
  </testcase> <!-- @AfterClass tearDown -->
  <testcase classname="TestNGMultipleBrowser.ValidationInMultipleBrowser" name="@BeforeClass setUp" time="37.373">
    <failure type="org.openqa.selenium.NoSuchWindowException" message="no such window: target window already closed
from unknown error: web view not found
  (Session info: MicrosoftEdge=129.0.2792.89)
Build info: version: &amp;apos;4.23.1&amp;apos;, revision: &amp;apos;656257d8e9&amp;apos;
System info: os.name: &amp;apos;Windows 11&amp;apos;, os.arch: &amp;apos;amd64&amp;apos;, os.version: &amp;apos;10.0&amp;apos;, java.version: &amp;apos;22.0.2&amp;apos;
Driver info: org.openqa.selenium.edge.EdgeDriver
Command: [846e39a163432794784f1d74a1d82d2f, maximizeCurrentWindow {}]
Capabilities {acceptInsecureCerts: false, browserName: MicrosoftEdge, browserVersion: 129.0.2792.89, fedcm:accounts: true, ms:edgeOptions: {debuggerAddress: localhost:51731}, msedge: {msedgedriverVersion: 129.0.2792.89 (65986ec8d2a8..., userDataDir: C:\Users\PNB\AppData\Local\...}, networkConnectionEnabled: false, pageLoadStrategy: normal, platformName: windows, proxy: Proxy(), se:cdp: ws://localhost:51731/devtoo..., se:cdpVersion: 129.0.2792.89, setWindowRect: true, strictFileInteractability: false, timeouts: {implicit: 0, pageLoad: 300000, script: 30000}, unhandledPromptBehavior: dismiss and notify, webauthn:extension:credBlob: true, webauthn:extension:largeBlob: true, webauthn:extension:minPinLength: true, webauthn:extension:prf: true, webauthn:virtualAuthenticators: true}
Session ID: 846e39a163432794784f1d74a1d82d2f">
      <![CDATA[org.openqa.selenium.NoSuchWindowException: no such window: target window already closed
from unknown error: web view not found
  (Session info: MicrosoftEdge=129.0.2792.89)
Build info: version: '4.23.1', revision: '656257d8e9'
System info: os.name: 'Windows 11', os.arch: 'amd64', os.version: '10.0', java.version: '22.0.2'
Driver info: org.openqa.selenium.edge.EdgeDriver
Command: [846e39a163432794784f1d74a1d82d2f, maximizeCurrentWindow {}]
Capabilities {acceptInsecureCerts: false, browserName: MicrosoftEdge, browserVersion: 129.0.2792.89, fedcm:accounts: true, ms:edgeOptions: {debuggerAddress: localhost:51731}, msedge: {msedgedriverVersion: 129.0.2792.89 (65986ec8d2a8..., userDataDir: C:\Users\PNB\AppData\Local\...}, networkConnectionEnabled: false, pageLoadStrategy: normal, platformName: windows, proxy: Proxy(), se:cdp: ws://localhost:51731/devtoo..., se:cdpVersion: 129.0.2792.89, setWindowRect: true, strictFileInteractability: false, timeouts: {implicit: 0, pageLoad: 300000, script: 30000}, unhandledPromptBehavior: dismiss and notify, webauthn:extension:credBlob: true, webauthn:extension:largeBlob: true, webauthn:extension:minPinLength: true, webauthn:extension:prf: true, webauthn:virtualAuthenticators: true}
Session ID: 846e39a163432794784f1d74a1d82d2f
at org.openqa.selenium.remote.ErrorCodec.decode(ErrorCodec.java:167)
at org.openqa.selenium.remote.codec.w3c.W3CHttpResponseCodec.decode(W3CHttpResponseCodec.java:138)
at org.openqa.selenium.remote.codec.w3c.W3CHttpResponseCodec.decode(W3CHttpResponseCodec.java:50)
at org.openqa.selenium.remote.HttpCommandExecutor.execute(HttpCommandExecutor.java:190)
at org.openqa.selenium.remote.service.DriverCommandExecutor.invokeExecute(DriverCommandExecutor.java:216)
at org.openqa.selenium.remote.service.DriverCommandExecutor.execute(DriverCommandExecutor.java:174)
at org.openqa.selenium.remote.RemoteWebDriver.execute(RemoteWebDriver.java:545)
at org.openqa.selenium.remote.RemoteWebDriver.execute(RemoteWebDriver.java:618)
at org.openqa.selenium.remote.RemoteWebDriver.execute(RemoteWebDriver.java:622)
at org.openqa.selenium.remote.RemoteWebDriver$RemoteWebDriverOptions$RemoteWindow.maximize(RemoteWebDriver.java:1061)
at TestNGMultipleBrowser.ValidationInMultipleBrowser.setUp(ValidationInMultipleBrowser.java:36)
at java.base/java.util.ArrayList.forEach(ArrayList.java:1597)
at java.base/java.util.concurrent.FutureTask.run(FutureTask.java:317)
at java.base/java.util.concurrent.ThreadPoolExecutor.runWorker(ThreadPoolExecutor.java:1144)
at java.base/java.util.concurrent.ThreadPoolExecutor$Worker.run(ThreadPoolExecutor.java:642)
at java.base/java.lang.Thread.run(Thread.java:1570)
... Removed 17 stack frames]]>
    </failure>
  </testcase> <!-- @BeforeClass setUp -->
  <testcase classname="TestNGMultipleBrowser.ValidationInMultipleBrowser" name="@AfterClass tearDown" time="-1.728794079405E9">
    <skipped/>
  </testcase> <!-- @AfterClass tearDown -->
  <testcase classname="TestNGMultipleBrowser.ValidationInMultipleBrowser" name="logoValidation" time="0.0">
    <skipped/>
  </testcase> <!-- logoValidation -->
  <testcase classname="TestNGMultipleBrowser.ValidationInMultipleBrowser" name="titleValidation" time="0.0">
    <skipped/>
  </testcase> <!-- titleValidation -->
  <testcase classname="TestNGMultipleBrowser.ValidationInMultipleBrowser" name="urlValidation" time="0.0">
    <skipped/>
  </testcase> <!-- urlValidation -->
</testsuite> <!-- TestEdge -->
