<?xml version="1.0" encoding="UTF-8"?>
<testng-results ignored="0" total="1" passed="1" failed="0" skipped="0">
  <reporter-output>
  </reporter-output>
  <suite started-at="2025-03-29T10:46:03 IST" name="Default suite" finished-at="2025-03-29T10:46:03 IST" duration-ms="92">
    <groups>
    </groups>
    <test started-at="2025-03-29T10:46:03 IST" name="Default test" finished-at="2025-03-29T10:46:03 IST" duration-ms="92">
      <class name="ReadDataFromJSON.ReadData">
        <test-method signature="getDataFromJSON()[pri:0, instance:ReadDataFromJSON.ReadData@6253c26]" started-at="2025-03-29T10:46:03 IST" name="getDataFromJSON" finished-at="2025-03-29T10:46:03 IST" duration-ms="62" status="PASS">
          <reporter-output>
          </reporter-output>
        </test-method> <!-- getDataFromJSON -->
      </class> <!-- ReadDataFromJSON.ReadData -->
    </test> <!-- Default test -->
  </suite> <!-- Default suite -->
</testng-results>
